ERROR - 2024-05-13 13:01:31 --> mysqli_sql_exception: Unknown column 'password' in 'field list' in D:\workspace\courses\udemy\desenvolvimento-web-compacto-e-completo\secao-20\system\Database\MySQLi\Connection.php:308
Stack trace:
#0 D:\workspace\courses\udemy\desenvolvimento-web-compacto-e-completo\secao-20\system\Database\MySQLi\Connection.php(308): mysqli->query('INSERT INTO `us...', 0)
#1 D:\workspace\courses\udemy\desenvolvimento-web-compacto-e-completo\secao-20\system\Database\BaseConnection.php(722): CodeIgniter\Database\MySQLi\Connection->execute('INSERT INTO `us...')
#2 D:\workspace\courses\udemy\desenvolvimento-web-compacto-e-completo\secao-20\system\Database\BaseConnection.php(636): CodeIgniter\Database\BaseConnection->simpleQuery('INSERT INTO `us...')
#3 D:\workspace\courses\udemy\desenvolvimento-web-compacto-e-completo\secao-20\system\Database\BaseBuilder.php(1821): CodeIgniter\Database\BaseConnection->query('INSERT INTO `us...', NULL, false)
#4 D:\workspace\courses\udemy\desenvolvimento-web-compacto-e-completo\secao-20\system\Database\BaseBuilder.php(2210): CodeIgniter\Database\BaseBuilder->batchExecute('_insertBatch', 100)
#5 D:\workspace\courses\udemy\desenvolvimento-web-compacto-e-completo\secao-20\app\Database\Seeds\UsuariosSeeder.php(31): CodeIgniter\Database\BaseBuilder->insertBatch(Array)
#6 D:\workspace\courses\udemy\desenvolvimento-web-compacto-e-completo\secao-20\system\Database\Seeder.php(147): App\Database\Seeds\UsuariosSeeder->run()
#7 D:\workspace\courses\udemy\desenvolvimento-web-compacto-e-completo\secao-20\system\Commands\Database\Seed.php(79): CodeIgniter\Database\Seeder->call('App\\Database\\Se...')
#8 D:\workspace\courses\udemy\desenvolvimento-web-compacto-e-completo\secao-20\system\CLI\Commands.php(70): CodeIgniter\Commands\Database\Seed->run(Array)
#9 D:\workspace\courses\udemy\desenvolvimento-web-compacto-e-completo\secao-20\system\CLI\Console.php(48): CodeIgniter\CLI\Commands->run('db:seed', Array)
#10 D:\workspace\courses\udemy\desenvolvimento-web-compacto-e-completo\secao-20\system\Boot.php(338): CodeIgniter\CLI\Console->run()
#11 D:\workspace\courses\udemy\desenvolvimento-web-compacto-e-completo\secao-20\system\Boot.php(104): CodeIgniter\Boot::runCommand(Object(CodeIgniter\CLI\Console))
#12 D:\workspace\courses\udemy\desenvolvimento-web-compacto-e-completo\secao-20\spark(84): CodeIgniter\Boot::bootSpark(Object(Config\Paths))
#13 {main}
CRITICAL - 2024-05-13 19:05:43 --> CodeIgniter\View\Exceptions\ViewException: Invalid file: "teste.php"
[Method: GET, Route: /]
in SYSTEMPATH\Exceptions\FrameworkException.php on line 41.
 1 SYSTEMPATH\View\View.php(222): CodeIgniter\Exceptions\FrameworkException::forInvalidFile('teste.php')
 2 SYSTEMPATH\Common.php(1171): CodeIgniter\View\View->render('teste', [], true)
 3 APPPATH\Controllers\Main.php(35): view('teste')
 4 SYSTEMPATH\CodeIgniter.php(933): App\Controllers\Main->index()
 5 SYSTEMPATH\CodeIgniter.php(509): CodeIgniter\CodeIgniter->runController(Object(App\Controllers\Main))
 6 SYSTEMPATH\CodeIgniter.php(355): CodeIgniter\CodeIgniter->handleRequest(null, Object(Config\Cache), false)
 7 SYSTEMPATH\Boot.php(312): CodeIgniter\CodeIgniter->run()
 8 SYSTEMPATH\Boot.php(67): CodeIgniter\Boot::runCodeIgniter(Object(CodeIgniter\CodeIgniter))
 9 FCPATH\index.php(56): CodeIgniter\Boot::bootWeb(Object(Config\Paths))
